[debug] [2025-07-21T07:48:24.225Z] : 
[debug] [2025-07-21T07:48:24.227Z] : ----------------------------------------------------------------------
[debug] [2025-07-21T07:48:24.228Z] : Command:      C:\Program Files\nodejs\node.exe C:\Users\DELL\AppData\Roaming\npm\node_modules\zcatalyst-cli\lib\bin\catalyst.js serve
[debug] [2025-07-21T07:48:24.228Z] : CLI Version:  1.20.1
[debug] [2025-07-21T07:48:24.229Z] : Platform:     win32
[debug] [2025-07-21T07:48:24.229Z] : Node Version: v20.17.0
[debug] [2025-07-21T07:48:24.229Z] : Time:         Mon Jul 21 2025 13:18:24 GMT+0530 (India Standard Time)
[debug] [2025-07-21T07:48:24.230Z] : ----------------------------------------------------------------------
[debug] [2025-07-21T07:48:24.230Z] : 
[debug] [2025-07-21T07:48:24.752Z] : > authorizing via signed-in user option
[debug] [2025-07-21T07:48:24.752Z] : > command requires scopes: ["ZohoCatalyst.projects.ALL","ZohoCatalyst.apigateway.apis.READ","ZohoCatalyst.apigateway.READ","ZohoCatalyst.segments.ALL","ZohoCatalyst.cache.READ","ZohoCatalyst.cache.CREATE","ZohoCatalyst.cache.DELETE","ZohoCatalyst.projects.ALL","ZohoCatalyst.cron.ALL","ZohoCatalyst.zcql.CREATE","ZohoCatalyst.projects.users.READ","ZohoCatalyst.projects.users.CREATE","ZohoCatalyst.projects.users.DELETE","ZohoCatalyst.projects.users.UPDATE","ZohoCatalyst.authentication.CREATE","ZohoCatalyst.email.CREATE","ZohoCatalyst.tables.ALL","ZohoCatalyst.tables.rows.ALL","ZohoCatalyst.tables.columns.ALL","ZohoCatalyst.tables.bulk.CREATE","ZohoCatalyst.tables.bulk.READ","ZohoCatalyst.folders.ALL","ZohoCatalyst.files.CREATE","ZohoCatalyst.files.READ","ZohoCatalyst.files.DELETE","ZohoCatalyst.functions.ALL","ZohoCatalyst.functions.EXECUTE","ZohoCatalyst.eventlistners.ALL","ZohoCatalyst.eventlisteners.produce","ZohoCatalyst.security.rules.Read","ZohoCatalyst.security.rules.Update","ZohoCatalyst.notifications.mobile","ZohoCatalyst.notifications.web","ZohoCatalyst.search.READ","ZohoCatalyst.mlkit.READ","QuickML.deployment.READ","ZohoCatalyst.pdfshot.execute","ZohoCatalyst.dataverse.execute","ZohoCatalyst.circuits.execution.DELETE","ZohoCatalyst.circuits.execution.READ","ZohoCatalyst.circuits.execute","ZohoCatalyst.appsail.Read","ZohoCatalyst.jobpool.READ","ZohoCatalyst.job.ALL","ZohoCatalyst.nosql.READ","ZohoCatalyst.nosql.rows.ALL"]
[debug] [2025-07-21T07:48:24.769Z] : >>>> HTTP REQUEST : GET https://api.catalyst.zoho.com/baas/v1/project/6134000000149171 

[debug] [2025-07-21T07:48:25.747Z] : <<<< HTTP RESPONSE : 200
Response Headers: {"server":"ZGS","date":"Mon, 21 Jul 2025 07:48:25 GMT","content-type":"application/vnd.catalyst.v2+json","transfer-encoding":"chunked","connection":"keep-alive","x-content-type-options":"nosniff","cache-control":"private,no-cache,no-store,max-age=0,must-revalidate","pragma":"no-cache","expires":"Thu, 01 Jan 1970 00:00:00 GMT","x-frame-options":"DENY","strict-transport-security":"max-age=64072000; includeSubDomains; preload"}

[debug] [2025-07-21T07:48:25.758Z] : >>>> HTTP REQUEST : GET https://api.catalyst.zoho.com/baas/v1/project/6134000000149171/environment 

[debug] [2025-07-21T07:48:26.071Z] : <<<< HTTP RESPONSE : 200
Response Headers: {"server":"ZGS","date":"Mon, 21 Jul 2025 07:48:26 GMT","content-type":"application/vnd.catalyst.v2+json","transfer-encoding":"chunked","connection":"keep-alive","x-content-type-options":"nosniff","cache-control":"private,no-cache,no-store,max-age=0,must-revalidate","pragma":"no-cache","expires":"Thu, 01 Jan 1970 00:00:00 GMT","x-frame-options":"DENY","strict-transport-security":"max-age=64072000; includeSubDomains; preload"}

[debug] [2025-07-21T07:48:26.476Z] : http port : '3000' is not available. Hence port '3001' will be used instead.
[debug] [2025-07-21T07:48:26.503Z] : http port : '3000' is not available. Hence port '3002' will be used instead.
[debug] [2025-07-21T07:48:26.605Z] : No basic functions to add
[info] [2025-07-21T07:48:28.867Z] : [react-plugin]: Starting the development server...

[info] [2025-07-21T07:48:28.869Z] : 
[info] [2025-07-21T07:48:28.870Z] : i Client[frontend]: Plugin : "zcatalyst-cli-plugin-react" is used for client serve
[info] [2025-07-21T07:48:28.870Z] : 
[info] [2025-07-21T07:48:30.219Z] : 
[info] [2025-07-21T07:48:30.219Z] : Executing AppSail [PRESERVE] [backend] script in C:\Users\DELL\FullStackAuth\appsail-nodejs
[debug] [2025-07-21T07:48:30.219Z] : Executing command > npm install
[info] [2025-07-21T07:48:30.220Z] : > npm install
[info] [2025-07-21T07:48:32.625Z] : 
[info] [2025-07-21T07:48:32.625Z] :  >>>>>>>>>>>>>> AppSail <<<<<<<<<<<<<< 
[info] [2025-07-21T07:48:32.626Z] : i backend: http://localhost:3002
[info] [2025-07-21T07:48:32.626Z] : 
[info] [2025-07-21T07:48:32.626Z] : 
[info] [2025-07-21T07:48:32.627Z] :  >>>>>>>>>>>>> Web Client <<<<<<<<<<<<
[info] [2025-07-21T07:48:32.627Z] : i client[frontend]: http://localhost:3001/app/
[info] [2025-07-21T07:48:32.627Z] : 
[info] [2025-07-21T07:48:33.123Z] : [react-plugin]: Compiled successfully!
[info] [2025-07-21T07:48:33.124Z] : [react-plugin]: 
[info] [2025-07-21T07:48:33.124Z] : [react-plugin]: You can now view frontend in the browser.
[info] [2025-07-21T07:48:33.124Z] : [react-plugin]: 
[info] [2025-07-21T07:48:33.124Z] : [react-plugin]:   Local:            http://localhost:3001/app/
[info] [2025-07-21T07:48:33.125Z] : [react-plugin]:   On Your Network:  http://172.18.224.1:3001/app/
[info] [2025-07-21T07:48:33.125Z] : [react-plugin]: 
[info] [2025-07-21T07:48:33.125Z] : [react-plugin]: Note that the development build is not optimized.
[info] [2025-07-21T07:48:33.125Z] : [react-plugin]: To create a production build, use npm run build.
[info] [2025-07-21T07:48:33.125Z] : [react-plugin]: 
[info] [2025-07-21T08:04:24.513Z] : [react-plugin]: Compiling...
[info] [2025-07-21T08:04:35.015Z] : [react-plugin]: Failed to compile.

[info] [2025-07-21T08:04:35.015Z] : [react-plugin]: Module not found: Error: Can't resolve 'components/footer/FooterAdmin.js' in 'C:\Users\DELL\FullStackAuth\frontend\src\layouts\admin'
[info] [2025-07-21T08:04:52.962Z] : [react-plugin]: Compiling...
[info] [2025-07-21T08:04:53.785Z] : [react-plugin]: Failed to compile.

[info] [2025-07-21T08:04:53.786Z] : [react-plugin]: Module not found: Error: Can't resolve 'components/footer/FooterAdmin.js' in 'C:\Users\DELL\FullStackAuth\frontend\src\layouts\admin'
[info] [2025-07-21T08:04:53.901Z] : [react-plugin]: Compiling...
[info] [2025-07-21T08:04:54.318Z] : [react-plugin]: Failed to compile.

[info] [2025-07-21T08:04:54.319Z] : [react-plugin]: Module not found: Error: Can't resolve 'components/footer/FooterAdmin.js' in 'C:\Users\DELL\FullStackAuth\frontend\src\layouts\admin'
[info] [2025-07-21T08:04:54.397Z] : [react-plugin]: Compiling...
[info] [2025-07-21T08:04:54.644Z] : [react-plugin]: Failed to compile.

[info] [2025-07-21T08:04:54.644Z] : [react-plugin]: Module not found: Error: Can't resolve 'components/footer/FooterAdmin.js' in 'C:\Users\DELL\FullStackAuth\frontend\src\layouts\admin'
[info] [2025-07-21T08:06:41.718Z] : [react-plugin]: Failed to compile.

[info] [2025-07-21T08:06:41.721Z] : [react-plugin]: Module not found: Error: Can't resolve 'components/footer/FooterAdmin.js' in 'C:\Users\DELL\FullStackAuth\frontend\src\layouts\admin'
[info] [2025-07-21T08:06:44.145Z] : [react-plugin]: Failed to compile.

[info] [2025-07-21T08:06:44.167Z] : [react-plugin]: Module not found: Error: Can't resolve 'C:\Users\DELL\FullStackAuth\frontend\node_modules\css-loader\dist\cjs.js' in 'C:\Users\DELL\FullStackAuth\frontend'
[info] [2025-07-21T08:06:44.483Z] : [react-plugin]: Failed to compile.

[info] [2025-07-21T08:06:44.484Z] : [react-plugin]: Module not found: Error: Can't resolve 'C:\Users\DELL\FullStackAuth\frontend\node_modules\@pmmmwh\react-refresh-webpack-plugin\client\ReactRefreshEntry.js' in 'C:\Users\DELL\FullStackAuth\frontend'
[error] [2025-07-21T08:06:45.561Z] : × An unexpected error has occurred.
[debug] [2025-07-21T08:06:45.561Z] : Error Stack: CatalystError: An unexpected error has occurred.
    at exports.default (C:\Users\DELL\AppData\Roaming\npm\node_modules\zcatalyst-cli\lib\errorOut.js:12:17)
    at process.<anonymous> (C:\Users\DELL\AppData\Roaming\npm\node_modules\zcatalyst-cli\lib\bin\catalyst.js:90:28)
    at process.emit (node:events:519:28)
    at emitUnhandledRejection (node:internal/process/promises:250:13)
    at throwUnhandledRejectionsMode (node:internal/process/promises:385:19)
    at processPromiseRejections (node:internal/process/promises:470:17)
    at process.processTicksAndRejections (node:internal/process/task_queues:96:32)
[debug] [2025-07-21T08:06:45.561Z] : Original Error: Error: [Error: ENOENT: no such file or directory, stat 'C:\Users\DELL\FullStackAuth\frontend\node_modules\.cache\webpack\default-development\0.pack'] {
  errno: -4058,
  code: 'ENOENT',
  syscall: 'stat',
  path: 'C:\\Users\\DELL\\FullStackAuth\\frontend\\node_modules\\.cache\\webpack\\default-development\\0.pack'
}
    at exports.default (C:\Users\DELL\AppData\Roaming\npm\node_modules\zcatalyst-cli\lib\errorOut.js:14:23)
    at process.<anonymous> (C:\Users\DELL\AppData\Roaming\npm\node_modules\zcatalyst-cli\lib\bin\catalyst.js:90:28)
    at process.emit (node:events:519:28)
    at emitUnhandledRejection (node:internal/process/promises:250:13)
    at throwUnhandledRejectionsMode (node:internal/process/promises:385:19)
    at processPromiseRejections (node:internal/process/promises:470:17)
    at process.processTicksAndRejections (node:internal/process/task_queues:96:32)
[debug] [2025-07-21T08:06:45.561Z] : Error Status: 500
[info] [2025-07-21T08:06:45.562Z] : Kindly contact Catalyst support [support@zohocatalyst.com] if you need any further assistance
[error] [2025-07-21T08:06:45.563Z] : × An unexpected error has occurred.
[debug] [2025-07-21T08:06:45.563Z] : Error Stack: CatalystError: An unexpected error has occurred.
    at exports.default (C:\Users\DELL\AppData\Roaming\npm\node_modules\zcatalyst-cli\lib\errorOut.js:12:17)
    at process.<anonymous> (C:\Users\DELL\AppData\Roaming\npm\node_modules\zcatalyst-cli\lib\bin\catalyst.js:90:28)
    at process.emit (node:events:519:28)
    at emitUnhandledRejection (node:internal/process/promises:250:13)
    at throwUnhandledRejectionsMode (node:internal/process/promises:385:19)
    at processPromiseRejections (node:internal/process/promises:470:17)
    at process.processTicksAndRejections (node:internal/process/task_queues:96:32)
[debug] [2025-07-21T08:06:45.563Z] : Original Error: Error: [Error: ENOENT: no such file or directory, stat 'C:\Users\DELL\FullStackAuth\frontend\node_modules\.cache\webpack\default-development\1.pack'] {
  errno: -4058,
  code: 'ENOENT',
  syscall: 'stat',
  path: 'C:\\Users\\DELL\\FullStackAuth\\frontend\\node_modules\\.cache\\webpack\\default-development\\1.pack'
}
    at exports.default (C:\Users\DELL\AppData\Roaming\npm\node_modules\zcatalyst-cli\lib\errorOut.js:14:23)
    at process.<anonymous> (C:\Users\DELL\AppData\Roaming\npm\node_modules\zcatalyst-cli\lib\bin\catalyst.js:90:28)
    at process.emit (node:events:519:28)
    at emitUnhandledRejection (node:internal/process/promises:250:13)
    at throwUnhandledRejectionsMode (node:internal/process/promises:385:19)
    at processPromiseRejections (node:internal/process/promises:470:17)
    at process.processTicksAndRejections (node:internal/process/task_queues:96:32)
[debug] [2025-07-21T08:06:45.564Z] : Error Status: 500
[info] [2025-07-21T08:06:45.564Z] : Kindly contact Catalyst support [support@zohocatalyst.com] if you need any further assistance
[error] [2025-07-21T08:06:45.565Z] : × An unexpected error has occurred.
[debug] [2025-07-21T08:06:45.565Z] : Error Stack: CatalystError: An unexpected error has occurred.
    at exports.default (C:\Users\DELL\AppData\Roaming\npm\node_modules\zcatalyst-cli\lib\errorOut.js:12:17)
    at process.<anonymous> (C:\Users\DELL\AppData\Roaming\npm\node_modules\zcatalyst-cli\lib\bin\catalyst.js:90:28)
    at process.emit (node:events:519:28)
    at emitUnhandledRejection (node:internal/process/promises:250:13)
    at throwUnhandledRejectionsMode (node:internal/process/promises:385:19)
    at processPromiseRejections (node:internal/process/promises:470:17)
    at process.processTicksAndRejections (node:internal/process/task_queues:96:32)
[debug] [2025-07-21T08:06:45.565Z] : Original Error: Error: [Error: ENOENT: no such file or directory, stat 'C:\Users\DELL\FullStackAuth\frontend\node_modules\.cache\webpack\default-development\2.pack'] {
  errno: -4058,
  code: 'ENOENT',
  syscall: 'stat',
  path: 'C:\\Users\\DELL\\FullStackAuth\\frontend\\node_modules\\.cache\\webpack\\default-development\\2.pack'
}
    at exports.default (C:\Users\DELL\AppData\Roaming\npm\node_modules\zcatalyst-cli\lib\errorOut.js:14:23)
    at process.<anonymous> (C:\Users\DELL\AppData\Roaming\npm\node_modules\zcatalyst-cli\lib\bin\catalyst.js:90:28)
    at process.emit (node:events:519:28)
    at emitUnhandledRejection (node:internal/process/promises:250:13)
    at throwUnhandledRejectionsMode (node:internal/process/promises:385:19)
    at processPromiseRejections (node:internal/process/promises:470:17)
    at process.processTicksAndRejections (node:internal/process/task_queues:96:32)
[debug] [2025-07-21T08:06:45.565Z] : Error Status: 500
[info] [2025-07-21T08:06:45.565Z] : Kindly contact Catalyst support [support@zohocatalyst.com] if you need any further assistance
[info] [2025-07-21T08:06:45.568Z] : [react-plugin]: Compiling...
[info] [2025-07-21T08:06:45.624Z] : [react-plugin]: Failed to compile.

[info] [2025-07-21T08:06:45.627Z] : [react-plugin]: Module not found: Error: Can't resolve 'C:\Users\DELL\FullStackAuth\frontend\node_modules\@pmmmwh\react-refresh-webpack-plugin\client\ReactRefreshEntry.js' in 'C:\Users\DELL\FullStackAuth\frontend'
[info] [2025-07-21T08:06:53.430Z] : [react-plugin]: Failed to compile.

[info] [2025-07-21T08:06:53.430Z] : [react-plugin]: Module not found: Error: Can't resolve 'C:\Users\DELL\FullStackAuth\frontend\node_modules\@pmmmwh\react-refresh-webpack-plugin\client\ReactRefreshEntry.js' in 'C:\Users\DELL\FullStackAuth\frontend'
[info] [2025-07-21T08:07:20.322Z] : [react-plugin]: Compiling...
[info] [2025-07-21T08:07:20.405Z] : [react-plugin]: Failed to compile.

[info] [2025-07-21T08:07:20.405Z] : [react-plugin]: Module not found: Error: Can't resolve 'C:\Users\DELL\FullStackAuth\frontend\node_modules\@pmmmwh\react-refresh-webpack-plugin\client\ReactRefreshEntry.js' in 'C:\Users\DELL\FullStackAuth\frontend'
[info] [2025-07-21T08:07:43.958Z] : [react-plugin]: Compiling...
[info] [2025-07-21T08:07:44.011Z] : [react-plugin]: Failed to compile.

[info] [2025-07-21T08:07:44.012Z] : [react-plugin]: Module not found: Error: Can't resolve 'C:\Users\DELL\FullStackAuth\frontend\node_modules\@pmmmwh\react-refresh-webpack-plugin\client\ReactRefreshEntry.js' in 'C:\Users\DELL\FullStackAuth\frontend'
[debug] [2025-07-21T08:12:55.263Z] : 
[debug] [2025-07-21T08:12:55.265Z] : ----------------------------------------------------------------------
[debug] [2025-07-21T08:12:55.265Z] : Command:      C:\Program Files\nodejs\node.exe C:\Users\DELL\AppData\Roaming\npm\node_modules\zcatalyst-cli\lib\bin\catalyst.js serve
[debug] [2025-07-21T08:12:55.265Z] : CLI Version:  1.20.1
[debug] [2025-07-21T08:12:55.266Z] : Platform:     win32
[debug] [2025-07-21T08:12:55.266Z] : Node Version: v20.17.0
[debug] [2025-07-21T08:12:55.266Z] : Time:         Mon Jul 21 2025 13:42:55 GMT+0530 (India Standard Time)
[debug] [2025-07-21T08:12:55.266Z] : ----------------------------------------------------------------------
[debug] [2025-07-21T08:12:55.267Z] : 
[debug] [2025-07-21T08:12:55.793Z] : > authorizing via signed-in user option
[debug] [2025-07-21T08:12:55.794Z] : > command requires scopes: ["ZohoCatalyst.projects.ALL","ZohoCatalyst.apigateway.apis.READ","ZohoCatalyst.apigateway.READ","ZohoCatalyst.segments.ALL","ZohoCatalyst.cache.READ","ZohoCatalyst.cache.CREATE","ZohoCatalyst.cache.DELETE","ZohoCatalyst.projects.ALL","ZohoCatalyst.cron.ALL","ZohoCatalyst.zcql.CREATE","ZohoCatalyst.projects.users.READ","ZohoCatalyst.projects.users.CREATE","ZohoCatalyst.projects.users.DELETE","ZohoCatalyst.projects.users.UPDATE","ZohoCatalyst.authentication.CREATE","ZohoCatalyst.email.CREATE","ZohoCatalyst.tables.ALL","ZohoCatalyst.tables.rows.ALL","ZohoCatalyst.tables.columns.ALL","ZohoCatalyst.tables.bulk.CREATE","ZohoCatalyst.tables.bulk.READ","ZohoCatalyst.folders.ALL","ZohoCatalyst.files.CREATE","ZohoCatalyst.files.READ","ZohoCatalyst.files.DELETE","ZohoCatalyst.functions.ALL","ZohoCatalyst.functions.EXECUTE","ZohoCatalyst.eventlistners.ALL","ZohoCatalyst.eventlisteners.produce","ZohoCatalyst.security.rules.Read","ZohoCatalyst.security.rules.Update","ZohoCatalyst.notifications.mobile","ZohoCatalyst.notifications.web","ZohoCatalyst.search.READ","ZohoCatalyst.mlkit.READ","QuickML.deployment.READ","ZohoCatalyst.pdfshot.execute","ZohoCatalyst.dataverse.execute","ZohoCatalyst.circuits.execution.DELETE","ZohoCatalyst.circuits.execution.READ","ZohoCatalyst.circuits.execute","ZohoCatalyst.appsail.Read","ZohoCatalyst.jobpool.READ","ZohoCatalyst.job.ALL","ZohoCatalyst.nosql.READ","ZohoCatalyst.nosql.rows.ALL"]
[debug] [2025-07-21T08:12:55.810Z] : >>>> HTTP REQUEST : GET https://api.catalyst.zoho.com/baas/v1/project/6134000000149171 

[debug] [2025-07-21T08:12:56.970Z] : <<<< HTTP RESPONSE : 200
Response Headers: {"server":"ZGS","date":"Mon, 21 Jul 2025 08:12:57 GMT","content-type":"application/vnd.catalyst.v2+json","transfer-encoding":"chunked","connection":"keep-alive","x-content-type-options":"nosniff","cache-control":"private,no-cache,no-store,max-age=0,must-revalidate","pragma":"no-cache","expires":"Thu, 01 Jan 1970 00:00:00 GMT","x-frame-options":"DENY","strict-transport-security":"max-age=64072000; includeSubDomains; preload"}

[debug] [2025-07-21T08:12:56.985Z] : >>>> HTTP REQUEST : GET https://api.catalyst.zoho.com/baas/v1/project/6134000000149171/environment 

[debug] [2025-07-21T08:12:57.298Z] : <<<< HTTP RESPONSE : 200
Response Headers: {"server":"ZGS","date":"Mon, 21 Jul 2025 08:12:57 GMT","content-type":"application/vnd.catalyst.v2+json","transfer-encoding":"chunked","connection":"keep-alive","x-content-type-options":"nosniff","cache-control":"private,no-cache,no-store,max-age=0,must-revalidate","pragma":"no-cache","expires":"Thu, 01 Jan 1970 00:00:00 GMT","x-frame-options":"DENY","strict-transport-security":"max-age=64072000; includeSubDomains; preload"}

[debug] [2025-07-21T08:12:57.779Z] : http port : '3000' is not available. Hence port '3001' will be used instead.
[debug] [2025-07-21T08:12:57.807Z] : http port : '3000' is not available. Hence port '3002' will be used instead.
[debug] [2025-07-21T08:12:57.944Z] : No basic functions to add
[info] [2025-07-21T08:13:01.062Z] : [react-plugin]: Starting the development server...

[info] [2025-07-21T08:13:01.064Z] : 
[info] [2025-07-21T08:13:01.065Z] : i Client[frontend]: Plugin : "zcatalyst-cli-plugin-react" is used for client serve
[info] [2025-07-21T08:13:01.065Z] : 
[info] [2025-07-21T08:13:02.948Z] : 
[info] [2025-07-21T08:13:02.949Z] : Executing AppSail [PRESERVE] [backend] script in C:\Users\DELL\FullStackAuth\appsail-nodejs
[debug] [2025-07-21T08:13:02.949Z] : Executing command > npm install
[info] [2025-07-21T08:13:02.949Z] : > npm install
[info] [2025-07-21T08:13:06.168Z] : 
[info] [2025-07-21T08:13:06.169Z] :  >>>>>>>>>>>>>> AppSail <<<<<<<<<<<<<< 
[info] [2025-07-21T08:13:06.171Z] : i backend: http://localhost:3002
[info] [2025-07-21T08:13:06.171Z] : 
[info] [2025-07-21T08:13:06.171Z] : 
[info] [2025-07-21T08:13:06.172Z] :  >>>>>>>>>>>>> Web Client <<<<<<<<<<<<
[info] [2025-07-21T08:13:06.172Z] : i client[frontend]: http://localhost:3001/app/
[info] [2025-07-21T08:13:06.172Z] : 
[info] [2025-07-21T08:13:39.243Z] : [react-plugin]: Compiled with warnings.

[info] [2025-07-21T08:13:39.245Z] : [react-plugin]: Failed to parse source map from 'C:\Users\DELL\FullStackAuth\frontend\node_modules\stylis-plugin-rtl\src\stylis-rtl.ts' file: Error: ENOENT: no such file or directory, open 'C:\Users\DELL\FullStackAuth\frontend\node_modules\stylis-plugin-rtl\src\stylis-rtl.ts'

[eslint] 
src\components\sidebar\components\SidebarCard.js
  Line 2:3:   'Button' is defined but never used                                                no-unused-vars
  Line 3:3:   'Flex' is defined but never used                                                  no-unused-vars
  Line 4:3:   'Image' is defined but never used                                                 no-unused-vars
  Line 5:3:   'Link' is defined but never used                                                  no-unused-vars
  Line 6:3:   'Text' is defined but never used                                                  no-unused-vars
  Line 9:8:   'logoWhite' is defined but never used                                             no-unused-vars
  Line 13:9:  'bgColor' is assigned a value but never used                                      no-unused-vars
  Line 14:9:  'borderColor' is assigned a value but never used                                  no-unused-vars
  Line 18:7:  Headings must have content and the content must be accessible by a screen reader  jsx-a11y/heading-has-content
[info] [2025-07-21T08:13:39.245Z] : [react-plugin]: 
Search for the keywords to learn more about each warning.
[info] [2025-07-21T08:13:39.245Z] : [react-plugin]: To ignore, add // eslint-disable-next-line to the line before.

